<?xml version="1.0" encoding="UTF-8"?>
<!-- Generated by org.testng.reporters.JUnitReportReporter -->
<testsuite hostname="LAPTOP-EMPVAJBQ" name="testCases.TC_01_VerifyLogin" tests="1" failures="0" timestamp="27 Jul 2019 19:11:20 GMT" time="0.801" errors="0">
  <testcase name="verifyLogin" time="0.801" classname="testCases.TC_01_VerifyLogin"/>
</testsuite> <!-- testCases.TC_01_VerifyLogin -->
