<?xml version="1.0" encoding="UTF-8"?>
<!-- Generated by org.testng.reporters.JUnitReportReporter -->
<testsuite hostname="LAPTOP-EMPVAJBQ" name="testCases.TC_02_VerifyAddPayee" tests="1" failures="0" timestamp="27 Jul 2019 18:54:55 GMT" time="4.554" errors="0">
  <testcase name="verifyLogin" time="4.554" classname="testCases.TC_02_VerifyAddPayee"/>
</testsuite> <!-- testCases.TC_02_VerifyAddPayee -->
